<?xml version="1.0" encoding="UTF-8"?>
<!-- Generated by org.testng.reporters.JUnitReportReporter -->
<testsuite hostname="LAPTOP-5DI2CVL8" failures="0" tests="7" name="com.TestNG_Project.Priority1_Test" time="0.051" errors="0" timestamp="2021-05-08T20:09:37 IST" skipped="0">
  <testcase classname="com.TestNG_Project.Priority1_Test" name="laptop" time="0.021"/>
  <system-out/>
  <testcase classname="com.TestNG_Project.Priority1_Test" name="mobile" time="0.003"/>
  <system-out/>
  <testcase classname="com.TestNG_Project.Priority1_Test" name="powerbank" time="0.004"/>
  <system-out/>
  <testcase classname="com.TestNG_Project.Priority1_Test" name="earphones" time="0.006"/>
  <system-out/>
  <testcase classname="com.TestNG_Project.Priority1_Test" name="airbbuds" time="0.008"/>
  <system-out/>
  <testcase classname="com.TestNG_Project.Priority1_Test" name="backcase" time="0.006"/>
  <system-out/>
  <testcase classname="com.TestNG_Project.Priority1_Test" name="headset" time="0.003"/>
  <system-out/>
</testsuite> <!-- com.TestNG_Project.Priority1_Test -->
