<?xml version="1.0" encoding="UTF-8"?>
<!-- Generated by org.testng.reporters.JUnitReportReporter -->
<testsuite hostname="LAPTOP-5DI2CVL8" failures="0" tests="4" name="com.TestNG_Project.TestIgnore" time="0.053" errors="0" timestamp="2021-05-08T19:59:41 IST" skipped="1">
  <testcase classname="com.TestNG_Project.TestIgnore" name="laptop" time="0.008"/>
  <system-out/>
  <testcase classname="com.TestNG_Project.TestIgnore" name="earphone" time="0.037"/>
  <system-out/>
  <testcase classname="com.TestNG_Project.TestIgnore" name="mobile" time="0.008"/>
  <system-out/>
  <testcase classname="com.TestNG_Project.TestIgnore" name="powerbank">
    <skipped/>
  </testcase> <!-- powerbank -->
  <system-out/>
</testsuite> <!-- com.TestNG_Project.TestIgnore -->
