<?xml version="1.0" encoding="UTF-8"?>
<!-- Generated by org.testng.reporters.JUnitReportReporter -->
<testsuite hostname="LAPTOP-5DI2CVL8" failures="0" tests="1" name="com.test.com.NewTest" time="0.066" errors="0" timestamp="2021-05-06T16:15:36 IST" skipped="0">
  <testcase classname="com.test.com.NewTest" name="f" time="0.066"/>
  <system-out/>
</testsuite> <!-- com.test.com.NewTest -->
