<?xml version="1.0" encoding="UTF-8"?>
<!-- Generated by org.testng.reporters.JUnitReportReporter -->
<testsuite hostname="LAPTOP-5DI2CVL8" failures="0" tests="5" name="com.TestNG_Project.Invocation_Count" time="0.058" errors="0" timestamp="2021-05-08T20:51:40 IST" skipped="0">
  <testcase classname="com.TestNG_Project.Invocation_Count" name="refresh" time="0.005"/>
  <system-out/>
  <testcase classname="com.TestNG_Project.Invocation_Count" name="refresh" time="0.007"/>
  <system-out/>
  <testcase classname="com.TestNG_Project.Invocation_Count" name="url" time="0.006"/>
  <system-out/>
  <testcase classname="com.TestNG_Project.Invocation_Count" name="launchBrowser" time="0.029"/>
  <system-out/>
  <testcase classname="com.TestNG_Project.Invocation_Count" name="refresh" time="0.011"/>
  <system-out/>
</testsuite> <!-- com.TestNG_Project.Invocation_Count -->
