<?xml version="1.0" encoding="UTF-8"?>
<!-- Generated by org.testng.reporters.JUnitReportReporter -->
<testsuite hostname="LAPTOP-5DI2CVL8" failures="0" tests="3" name="com.TestNG_Project.Simple1_Annotations" time="0.100" errors="0" timestamp="2021-05-06T16:26:52 IST" skipped="0">
  <testcase classname="com.TestNG_Project.Simple1_Annotations" name="earphone" time="0.086"/>
  <system-out/>
  <testcase classname="com.TestNG_Project.Simple1_Annotations" name="powerbank" time="0.004"/>
  <system-out/>
  <testcase classname="com.TestNG_Project.Simple1_Annotations" name="mobile" time="0.010"/>
  <system-out/>
</testsuite> <!-- com.TestNG_Project.Simple1_Annotations -->
