<?xml version="1.0" encoding="UTF-8"?>
<!-- Generated by org.testng.reporters.JUnitReportReporter -->
<testsuite hostname="LAPTOP-5DI2CVL8" failures="0" tests="1" name="com.TestNG_Project.TimeOut_Test" time="2.034" errors="0" timestamp="2021-05-08T20:19:18 IST" skipped="0">
  <testcase classname="com.TestNG_Project.TimeOut_Test" name="Browserdemo" time="2.034"/>
  <system-out/>
</testsuite> <!-- com.TestNG_Project.TimeOut_Test -->
