<?xml version="1.0" encoding="UTF-8"?>
<!-- Generated by org.testng.reporters.JUnitReportReporter -->
<testsuite hostname="LAPTOP-5DI2CVL8" failures="0" tests="3" name="com.test1.com.Simple_Annotation" time="0.015" errors="0" timestamp="2021-05-06T18:29:56 IST" skipped="0">
  <testcase classname="com.test1.com.Simple_Annotation" name="mobile" time="0.003"/>
  <system-out/>
  <testcase classname="com.test1.com.Simple_Annotation" name="earphone" time="0.009"/>
  <system-out/>
  <testcase classname="com.test1.com.Simple_Annotation" name="powerbank" time="0.003"/>
  <system-out/>
</testsuite> <!-- com.test1.com.Simple_Annotation -->
