<?xml version="1.0" encoding="UTF-8"?>
<!-- Generated by org.testng.reporters.JUnitReportReporter -->
<testsuite hostname="LAPTOP-5DI2CVL8" failures="0" tests="3" name="com.TestNG_Project.Simple_Annotation2" time="0.055" errors="0" timestamp="2021-05-08T19:37:48 IST" skipped="0">
  <testcase classname="com.TestNG_Project.Simple_Annotation2" name="powerbank" time="0.013"/>
  <system-out/>
  <testcase classname="com.TestNG_Project.Simple_Annotation2" name="earphone" time="0.018"/>
  <system-out/>
  <testcase classname="com.TestNG_Project.Simple_Annotation2" name="mobile" time="0.024"/>
  <system-out/>
</testsuite> <!-- com.TestNG_Project.Simple_Annotation2 -->
